<?xml version="1.0" encoding="UTF-8"?>
<testng-results ignored="0" total="1" passed="1" failed="0" skipped="0">
  <reporter-output>
  </reporter-output>
  <suite started-at="2022-11-07T23:51:48 IST" name="Default suite" finished-at="2022-11-07T23:52:16 IST" duration-ms="27838">
    <groups>
    </groups>
    <test started-at="2022-11-07T23:51:48 IST" name="Default test" finished-at="2022-11-07T23:52:16 IST" duration-ms="27838">
      <class name="com.hrapp.testsuite.EmployeeProfile">
        <test-method is-config="true" signature="setup()[pri:0, instance:com.hrapp.testsuite.EmployeeProfile@57cf54e1]" started-at="2022-11-07T23:51:48 IST" name="setup" finished-at="2022-11-07T23:52:01 IST" duration-ms="13143" status="PASS">
          <reporter-output>
          </reporter-output>
        </test-method> <!-- setup -->
        <test-method signature="loginToApp()[pri:0, instance:com.hrapp.testsuite.EmployeeProfile@57cf54e1]" started-at="2022-11-07T23:52:01 IST" name="loginToApp" finished-at="2022-11-07T23:52:15 IST" duration-ms="13764" status="PASS">
          <reporter-output>
          </reporter-output>
        </test-method> <!-- loginToApp -->
        <test-method is-config="true" signature="finalstep()[pri:0, instance:com.hrapp.testsuite.EmployeeProfile@57cf54e1]" started-at="2022-11-07T23:52:15 IST" name="finalstep" finished-at="2022-11-07T23:52:16 IST" duration-ms="856" status="PASS">
          <reporter-output>
          </reporter-output>
        </test-method> <!-- finalstep -->
      </class> <!-- com.hrapp.testsuite.EmployeeProfile -->
    </test> <!-- Default test -->
  </suite> <!-- Default suite -->
</testng-results>
