<?xml version="1.0" encoding="UTF-8"?>
<testng-results ignored="0" total="1" passed="1" failed="0" skipped="0">
  <reporter-output>
  </reporter-output>
  <suite started-at="2022-11-08T22:50:16 IST" name="Default suite" finished-at="2022-11-08T22:50:45 IST" duration-ms="28629">
    <groups>
    </groups>
    <test started-at="2022-11-08T22:50:16 IST" name="Default test" finished-at="2022-11-08T22:50:45 IST" duration-ms="28629">
      <class name="com.hrapp.testsuite.EmployeeProfile">
        <test-method is-config="true" signature="setup()[pri:0, instance:com.hrapp.testsuite.EmployeeProfile@34b9f960]" started-at="2022-11-08T22:50:17 IST" name="setup" finished-at="2022-11-08T22:50:30 IST" duration-ms="13932" status="PASS">
          <reporter-output>
          </reporter-output>
        </test-method> <!-- setup -->
        <test-method signature="loginToApp()[pri:0, instance:com.hrapp.testsuite.EmployeeProfile@34b9f960]" started-at="2022-11-08T22:50:30 IST" name="loginToApp" finished-at="2022-11-08T22:50:44 IST" duration-ms="13212" status="PASS">
          <reporter-output>
          </reporter-output>
        </test-method> <!-- loginToApp -->
        <test-method is-config="true" signature="finalstep()[pri:0, instance:com.hrapp.testsuite.EmployeeProfile@34b9f960]" started-at="2022-11-08T22:50:44 IST" name="finalstep" finished-at="2022-11-08T22:50:45 IST" duration-ms="1391" status="PASS">
          <reporter-output>
          </reporter-output>
        </test-method> <!-- finalstep -->
      </class> <!-- com.hrapp.testsuite.EmployeeProfile -->
    </test> <!-- Default test -->
  </suite> <!-- Default suite -->
</testng-results>
